  소스.cpp
C:\Users\u\source\repos\조성환\소스.cpp(11,18): warning C4566: 유니버설 문자 이름 '\uAC00'(으)로 표현되는 문자는 현재 코드 페이지(932)에서 표현할 수 없습니다.
C:\Users\u\source\repos\조성환\소스.cpp(11,18): warning C4566: 유니버설 문자 이름 '\uC704'(으)로 표현되는 문자는 현재 코드 페이지(932)에서 표현할 수 없습니다.
C:\Users\u\source\repos\조성환\소스.cpp(12,14): warning C4566: 유니버설 문자 이름 '\uBCF4'(으)로 표현되는 문자는 현재 코드 페이지(932)에서 표현할 수 없습니다.
C:\Users\u\source\repos\조성환\소스.cpp(13,12): warning C4566: 유니버설 문자 이름 '\uCEF4'(으)로 표현되는 문자는 현재 코드 페이지(932)에서 표현할 수 없습니다.
C:\Users\u\source\repos\조성환\소스.cpp(13,12): warning C4566: 유니버설 문자 이름 '\uD4E8'(으)로 표현되는 문자는 현재 코드 페이지(932)에서 표현할 수 없습니다.
C:\Users\u\source\repos\조성환\소스.cpp(13,12): warning C4566: 유니버설 문자 이름 '\uD130'(으)로 표현되는 문자는 현재 코드 페이지(932)에서 표현할 수 없습니다.
C:\Users\u\source\repos\조성환\소스.cpp(13,12): warning C4566: 유니버설 문자 이름 '\uAC00'(으)로 표현되는 문자는 현재 코드 페이지(932)에서 표현할 수 없습니다.
C:\Users\u\source\repos\조성환\소스.cpp(13,12): warning C4566: 유니버설 문자 이름 '\uC774'(으)로 표현되는 문자는 현재 코드 페이지(932)에서 표현할 수 없습니다.
C:\Users\u\source\repos\조성환\소스.cpp(13,12): warning C4566: 유니버설 문자 이름 '\uACBC'(으)로 표현되는 문자는 현재 코드 페이지(932)에서 표현할 수 없습니다.
C:\Users\u\source\repos\조성환\소스.cpp(13,12): warning C4566: 유니버설 문자 이름 '\uC2B5'(으)로 표현되는 문자는 현재 코드 페이지(932)에서 표현할 수 없습니다.
C:\Users\u\source\repos\조성환\소스.cpp(13,12): warning C4566: 유니버설 문자 이름 '\uB2C8'(으)로 표현되는 문자는 현재 코드 페이지(932)에서 표현할 수 없습니다.
C:\Users\u\source\repos\조성환\소스.cpp(13,12): warning C4566: 유니버설 문자 이름 '\uB2E4'(으)로 표현되는 문자는 현재 코드 페이지(932)에서 표현할 수 없습니다.
C:\Users\u\source\repos\조성환\소스.cpp(14,19): warning C4566: 유니버설 문자 이름 '\uAC00'(으)로 표현되는 문자는 현재 코드 페이지(932)에서 표현할 수 없습니다.
C:\Users\u\source\repos\조성환\소스.cpp(14,19): warning C4566: 유니버설 문자 이름 '\uC704'(으)로 표현되는 문자는 현재 코드 페이지(932)에서 표현할 수 없습니다.
C:\Users\u\source\repos\조성환\소스.cpp(15,12): warning C4566: 유니버설 문자 이름 '\uBE44'(으)로 표현되는 문자는 현재 코드 페이지(932)에서 표현할 수 없습니다.
C:\Users\u\source\repos\조성환\소스.cpp(15,12): warning C4566: 유니버설 문자 이름 '\uACBC'(으)로 표현되는 문자는 현재 코드 페이지(932)에서 표현할 수 없습니다.
C:\Users\u\source\repos\조성환\소스.cpp(15,12): warning C4566: 유니버설 문자 이름 '\uC2B5'(으)로 표현되는 문자는 현재 코드 페이지(932)에서 표현할 수 없습니다.
C:\Users\u\source\repos\조성환\소스.cpp(15,12): warning C4566: 유니버설 문자 이름 '\uB2C8'(으)로 표현되는 문자는 현재 코드 페이지(932)에서 표현할 수 없습니다.
C:\Users\u\source\repos\조성환\소스.cpp(15,12): warning C4566: 유니버설 문자 이름 '\uB2E4'(으)로 표현되는 문자는 현재 코드 페이지(932)에서 표현할 수 없습니다.
C:\Users\u\source\repos\조성환\소스.cpp(16,19): warning C4566: 유니버설 문자 이름 '\uBC14'(으)로 표현되는 문자는 현재 코드 페이지(932)에서 표현할 수 없습니다.
C:\Users\u\source\repos\조성환\소스.cpp(16,19): warning C4566: 유니버설 문자 이름 '\uC704'(으)로 표현되는 문자는 현재 코드 페이지(932)에서 표현할 수 없습니다.
C:\Users\u\source\repos\조성환\소스.cpp(17,12): warning C4566: 유니버설 문자 이름 '\uB2F9'(으)로 표현되는 문자는 현재 코드 페이지(932)에서 표현할 수 없습니다.
C:\Users\u\source\repos\조성환\소스.cpp(17,12): warning C4566: 유니버설 문자 이름 '\uC2E0'(으)로 표현되는 문자는 현재 코드 페이지(932)에서 표현할 수 없습니다.
C:\Users\u\source\repos\조성환\소스.cpp(17,12): warning C4566: 유니버설 문자 이름 '\uC774'(으)로 표현되는 문자는 현재 코드 페이지(932)에서 표현할 수 없습니다.
C:\Users\u\source\repos\조성환\소스.cpp(17,12): warning C4566: 유니버설 문자 이름 '\uACBC'(으)로 표현되는 문자는 현재 코드 페이지(932)에서 표현할 수 없습니다.
C:\Users\u\source\repos\조성환\소스.cpp(17,12): warning C4566: 유니버설 문자 이름 '\uC2B5'(으)로 표현되는 문자는 현재 코드 페이지(932)에서 표현할 수 없습니다.
C:\Users\u\source\repos\조성환\소스.cpp(17,12): warning C4566: 유니버설 문자 이름 '\uB2C8'(으)로 표현되는 문자는 현재 코드 페이지(932)에서 표현할 수 없습니다.
C:\Users\u\source\repos\조성환\소스.cpp(17,12): warning C4566: 유니버설 문자 이름 '\uB2E4'(으)로 표현되는 문자는 현재 코드 페이지(932)에서 표현할 수 없습니다.
C:\Users\u\source\repos\조성환\소스.cpp(19,23): warning C4566: 유니버설 문자 이름 '\uBCF4'(으)로 표현되는 문자는 현재 코드 페이지(932)에서 표현할 수 없습니다.
C:\Users\u\source\repos\조성환\소스.cpp(20,14): warning C4566: 유니버설 문자 이름 '\uBC14'(으)로 표현되는 문자는 현재 코드 페이지(932)에서 표현할 수 없습니다.
C:\Users\u\source\repos\조성환\소스.cpp(20,14): warning C4566: 유니버설 문자 이름 '\uC704'(으)로 표현되는 문자는 현재 코드 페이지(932)에서 표현할 수 없습니다.
C:\Users\u\source\repos\조성환\소스.cpp(21,12): warning C4566: 유니버설 문자 이름 '\uCEF4'(으)로 표현되는 문자는 현재 코드 페이지(932)에서 표현할 수 없습니다.
C:\Users\u\source\repos\조성환\소스.cpp(21,12): warning C4566: 유니버설 문자 이름 '\uD4E8'(으)로 표현되는 문자는 현재 코드 페이지(932)에서 표현할 수 없습니다.
C:\Users\u\source\repos\조성환\소스.cpp(21,12): warning C4566: 유니버설 문자 이름 '\uD130'(으)로 표현되는 문자는 현재 코드 페이지(932)에서 표현할 수 없습니다.
C:\Users\u\source\repos\조성환\소스.cpp(21,12): warning C4566: 유니버설 문자 이름 '\uAC00'(으)로 표현되는 문자는 현재 코드 페이지(932)에서 표현할 수 없습니다.
C:\Users\u\source\repos\조성환\소스.cpp(21,12): warning C4566: 유니버설 문자 이름 '\uC774'(으)로 표현되는 문자는 현재 코드 페이지(932)에서 표현할 수 없습니다.
C:\Users\u\source\repos\조성환\소스.cpp(21,12): warning C4566: 유니버설 문자 이름 '\uACBC'(으)로 표현되는 문자는 현재 코드 페이지(932)에서 표현할 수 없습니다.
C:\Users\u\source\repos\조성환\소스.cpp(21,12): warning C4566: 유니버설 문자 이름 '\uC2B5'(으)로 표현되는 문자는 현재 코드 페이지(932)에서 표현할 수 없습니다.
C:\Users\u\source\repos\조성환\소스.cpp(21,12): warning C4566: 유니버설 문자 이름 '\uB2C8'(으)로 표현되는 문자는 현재 코드 페이지(932)에서 표현할 수 없습니다.
C:\Users\u\source\repos\조성환\소스.cpp(21,12): warning C4566: 유니버설 문자 이름 '\uB2E4'(으)로 표현되는 문자는 현재 코드 페이지(932)에서 표현할 수 없습니다.
C:\Users\u\source\repos\조성환\소스.cpp(22,19): warning C4566: 유니버설 문자 이름 '\uBCF4'(으)로 표현되는 문자는 현재 코드 페이지(932)에서 표현할 수 없습니다.
C:\Users\u\source\repos\조성환\소스.cpp(23,12): warning C4566: 유니버설 문자 이름 '\uBE44'(으)로 표현되는 문자는 현재 코드 페이지(932)에서 표현할 수 없습니다.
C:\Users\u\source\repos\조성환\소스.cpp(23,12): warning C4566: 유니버설 문자 이름 '\uACBC'(으)로 표현되는 문자는 현재 코드 페이지(932)에서 표현할 수 없습니다.
C:\Users\u\source\repos\조성환\소스.cpp(23,12): warning C4566: 유니버설 문자 이름 '\uC2B5'(으)로 표현되는 문자는 현재 코드 페이지(932)에서 표현할 수 없습니다.
C:\Users\u\source\repos\조성환\소스.cpp(23,12): warning C4566: 유니버설 문자 이름 '\uB2C8'(으)로 표현되는 문자는 현재 코드 페이지(932)에서 표현할 수 없습니다.
C:\Users\u\source\repos\조성환\소스.cpp(23,12): warning C4566: 유니버설 문자 이름 '\uB2E4'(으)로 표현되는 문자는 현재 코드 페이지(932)에서 표현할 수 없습니다.
C:\Users\u\source\repos\조성환\소스.cpp(24,19): warning C4566: 유니버설 문자 이름 '\uAC00'(으)로 표현되는 문자는 현재 코드 페이지(932)에서 표현할 수 없습니다.
C:\Users\u\source\repos\조성환\소스.cpp(24,19): warning C4566: 유니버설 문자 이름 '\uC704'(으)로 표현되는 문자는 현재 코드 페이지(932)에서 표현할 수 없습니다.
C:\Users\u\source\repos\조성환\소스.cpp(25,12): warning C4566: 유니버설 문자 이름 '\uB2F9'(으)로 표현되는 문자는 현재 코드 페이지(932)에서 표현할 수 없습니다.
C:\Users\u\source\repos\조성환\소스.cpp(25,12): warning C4566: 유니버설 문자 이름 '\uC2E0'(으)로 표현되는 문자는 현재 코드 페이지(932)에서 표현할 수 없습니다.
C:\Users\u\source\repos\조성환\소스.cpp(25,12): warning C4566: 유니버설 문자 이름 '\uC774'(으)로 표현되는 문자는 현재 코드 페이지(932)에서 표현할 수 없습니다.
C:\Users\u\source\repos\조성환\소스.cpp(25,12): warning C4566: 유니버설 문자 이름 '\uACBC'(으)로 표현되는 문자는 현재 코드 페이지(932)에서 표현할 수 없습니다.
C:\Users\u\source\repos\조성환\소스.cpp(25,12): warning C4566: 유니버설 문자 이름 '\uC2B5'(으)로 표현되는 문자는 현재 코드 페이지(932)에서 표현할 수 없습니다.
C:\Users\u\source\repos\조성환\소스.cpp(25,12): warning C4566: 유니버설 문자 이름 '\uB2C8'(으)로 표현되는 문자는 현재 코드 페이지(932)에서 표현할 수 없습니다.
C:\Users\u\source\repos\조성환\소스.cpp(25,12): warning C4566: 유니버설 문자 이름 '\uB2E4'(으)로 표현되는 문자는 현재 코드 페이지(932)에서 표현할 수 없습니다.
C:\Users\u\source\repos\조성환\소스.cpp(27,23): warning C4566: 유니버설 문자 이름 '\uBC14'(으)로 표현되는 문자는 현재 코드 페이지(932)에서 표현할 수 없습니다.
C:\Users\u\source\repos\조성환\소스.cpp(27,23): warning C4566: 유니버설 문자 이름 '\uC704'(으)로 표현되는 문자는 현재 코드 페이지(932)에서 표현할 수 없습니다.
C:\Users\u\source\repos\조성환\소스.cpp(28,14): warning C4566: 유니버설 문자 이름 '\uAC00'(으)로 표현되는 문자는 현재 코드 페이지(932)에서 표현할 수 없습니다.
C:\Users\u\source\repos\조성환\소스.cpp(28,14): warning C4566: 유니버설 문자 이름 '\uC704'(으)로 표현되는 문자는 현재 코드 페이지(932)에서 표현할 수 없습니다.
C:\Users\u\source\repos\조성환\소스.cpp(29,12): warning C4566: 유니버설 문자 이름 '\uCEF4'(으)로 표현되는 문자는 현재 코드 페이지(932)에서 표현할 수 없습니다.
C:\Users\u\source\repos\조성환\소스.cpp(29,12): warning C4566: 유니버설 문자 이름 '\uD4E8'(으)로 표현되는 문자는 현재 코드 페이지(932)에서 표현할 수 없습니다.
C:\Users\u\source\repos\조성환\소스.cpp(29,12): warning C4566: 유니버설 문자 이름 '\uD130'(으)로 표현되는 문자는 현재 코드 페이지(932)에서 표현할 수 없습니다.
C:\Users\u\source\repos\조성환\소스.cpp(29,12): warning C4566: 유니버설 문자 이름 '\uAC00'(으)로 표현되는 문자는 현재 코드 페이지(932)에서 표현할 수 없습니다.
C:\Users\u\source\repos\조성환\소스.cpp(29,12): warning C4566: 유니버설 문자 이름 '\uC774'(으)로 표현되는 문자는 현재 코드 페이지(932)에서 표현할 수 없습니다.
C:\Users\u\source\repos\조성환\소스.cpp(29,12): warning C4566: 유니버설 문자 이름 '\uACBC'(으)로 표현되는 문자는 현재 코드 페이지(932)에서 표현할 수 없습니다.
C:\Users\u\source\repos\조성환\소스.cpp(29,12): warning C4566: 유니버설 문자 이름 '\uC2B5'(으)로 표현되는 문자는 현재 코드 페이지(932)에서 표현할 수 없습니다.
C:\Users\u\source\repos\조성환\소스.cpp(29,12): warning C4566: 유니버설 문자 이름 '\uB2C8'(으)로 표현되는 문자는 현재 코드 페이지(932)에서 표현할 수 없습니다.
C:\Users\u\source\repos\조성환\소스.cpp(29,12): warning C4566: 유니버설 문자 이름 '\uB2E4'(으)로 표현되는 문자는 현재 코드 페이지(932)에서 표현할 수 없습니다.
C:\Users\u\source\repos\조성환\소스.cpp(30,19): warning C4566: 유니버설 문자 이름 '\uBC14'(으)로 표현되는 문자는 현재 코드 페이지(932)에서 표현할 수 없습니다.
C:\Users\u\source\repos\조성환\소스.cpp(30,19): warning C4566: 유니버설 문자 이름 '\uC704'(으)로 표현되는 문자는 현재 코드 페이지(932)에서 표현할 수 없습니다.
C:\Users\u\source\repos\조성환\소스.cpp(31,12): warning C4566: 유니버설 문자 이름 '\uBE44'(으)로 표현되는 문자는 현재 코드 페이지(932)에서 표현할 수 없습니다.
C:\Users\u\source\repos\조성환\소스.cpp(31,12): warning C4566: 유니버설 문자 이름 '\uACBC'(으)로 표현되는 문자는 현재 코드 페이지(932)에서 표현할 수 없습니다.
C:\Users\u\source\repos\조성환\소스.cpp(31,12): warning C4566: 유니버설 문자 이름 '\uC2B5'(으)로 표현되는 문자는 현재 코드 페이지(932)에서 표현할 수 없습니다.
C:\Users\u\source\repos\조성환\소스.cpp(31,12): warning C4566: 유니버설 문자 이름 '\uB2C8'(으)로 표현되는 문자는 현재 코드 페이지(932)에서 표현할 수 없습니다.
C:\Users\u\source\repos\조성환\소스.cpp(31,12): warning C4566: 유니버설 문자 이름 '\uB2E4'(으)로 표현되는 문자는 현재 코드 페이지(932)에서 표현할 수 없습니다.
C:\Users\u\source\repos\조성환\소스.cpp(32,19): warning C4566: 유니버설 문자 이름 '\uBCF4'(으)로 표현되는 문자는 현재 코드 페이지(932)에서 표현할 수 없습니다.
C:\Users\u\source\repos\조성환\소스.cpp(33,12): warning C4566: 유니버설 문자 이름 '\uB2F9'(으)로 표현되는 문자는 현재 코드 페이지(932)에서 표현할 수 없습니다.
C:\Users\u\source\repos\조성환\소스.cpp(33,12): warning C4566: 유니버설 문자 이름 '\uC2E0'(으)로 표현되는 문자는 현재 코드 페이지(932)에서 표현할 수 없습니다.
C:\Users\u\source\repos\조성환\소스.cpp(33,12): warning C4566: 유니버설 문자 이름 '\uC774'(으)로 표현되는 문자는 현재 코드 페이지(932)에서 표현할 수 없습니다.
C:\Users\u\source\repos\조성환\소스.cpp(33,12): warning C4566: 유니버설 문자 이름 '\uACBC'(으)로 표현되는 문자는 현재 코드 페이지(932)에서 표현할 수 없습니다.
C:\Users\u\source\repos\조성환\소스.cpp(33,12): warning C4566: 유니버설 문자 이름 '\uC2B5'(으)로 표현되는 문자는 현재 코드 페이지(932)에서 표현할 수 없습니다.
C:\Users\u\source\repos\조성환\소스.cpp(33,12): warning C4566: 유니버설 문자 이름 '\uB2C8'(으)로 표현되는 문자는 현재 코드 페이지(932)에서 표현할 수 없습니다.
C:\Users\u\source\repos\조성환\소스.cpp(33,12): warning C4566: 유니버설 문자 이름 '\uB2E4'(으)로 표현되는 문자는 현재 코드 페이지(932)에서 표현할 수 없습니다.
  조성환.vcxproj -> C:\Users\u\source\repos\조성환\x64\Debug\조성환.exe
